<?xml version="1.0" encoding="UTF-8"?>
<!-- Generated by org.testng.reporters.JUnitReportReporter -->
<testsuite hostname="MTBSE11APE-1164" failures="0" tests="1" name="ExtentReports" time="9.200" errors="0" timestamp="2025-05-20T14:32:59 GMT-03:00" skipped="0">
  <testcase classname="ExtentReports" name="OpenWebPage" time="9.200"/>
</testsuite> <!-- ExtentReports -->
