<?xml version="1.0" encoding="UTF-8"?>
<!-- Generated by org.testng.reporters.JUnitReportReporter -->
<testsuite hostname="MTBSE11APE-1164" failures="0" tests="2" name="PracticeTest.GetDataFromDataProvider" time="16.056" errors="0" timestamp="2025-07-01T12:13:48 GMT-03:00" skipped="0">
  <testcase classname="PracticeTest.GetDataFromDataProvider" name="GettingDataFromDataProvider" time="7.393"/>
  <testcase classname="PracticeTest.GetDataFromDataProvider" name="GettingDataFromDataProvider" time="8.663"/>
</testsuite> <!-- PracticeTest.GetDataFromDataProvider -->
