<?xml version="1.0" encoding="UTF-8"?>
<!-- Generated by org.testng.reporters.JUnitReportReporter -->
<testsuite hostname="MTBSE11APE-1164" failures="0" tests="3" name="AutomationLearning.SeleniumFramework.StandAloneEComPOM" time="25.648" errors="0" timestamp="2025-07-01T11:45:47 GMT-03:00" skipped="0">
  <testcase classname="AutomationLearning.SeleniumFramework.StandAloneEComPOM" name="CheckOrderHistoryTest" time="0.157"/>
  <testcase classname="AutomationLearning.SeleniumFramework.StandAloneEComPOM" name="OpenWebPage" time="11.859"/>
  <testcase classname="AutomationLearning.SeleniumFramework.StandAloneEComPOM" name="OpenWebPage" time="13.632"/>
</testsuite> <!-- AutomationLearning.SeleniumFramework.StandAloneEComPOM -->
