<?xml version="1.0" encoding="UTF-8"?>
<!-- Generated by org.testng.reporters.JUnitReportReporter -->
<testsuite hostname="MTBSE11APE-1164" failures="0" tests="1" name="PracticeTest.GetDataFromJsonFile" time="26.311" errors="0" timestamp="2025-05-21T19:53:57 GMT-03:00" skipped="0">
  <testcase classname="PracticeTest.GetDataFromJsonFile" name="runTestWithJsonData" time="26.311"/>
</testsuite> <!-- PracticeTest.GetDataFromJsonFile -->
