<?xml version="1.0" encoding="UTF-8"?>
<!-- Generated by org.testng.reporters.JUnitReportReporter -->
<testsuite hostname="MTBSE11APE-1164" failures="0" tests="1" name="ExtentReportsDemo" time="10.036" errors="0" timestamp="2025-05-20T17:04:05 GMT-03:00" skipped="0">
  <testcase classname="ExtentReportsDemo" name="OpenWebPage" time="10.036"/>
</testsuite> <!-- ExtentReportsDemo -->
