<?xml version="1.0" encoding="UTF-8"?>
<!-- Generated by org.testng.reporters.JUnitReportReporter -->
<testsuite hostname="MTBSE11APE-1164" failures="0" tests="2" name="PracticeTest.GetDataFromHashMap" time="16.540" errors="0" timestamp="2025-05-21T15:33:42 GMT-03:00" skipped="0">
  <testcase classname="PracticeTest.GetDataFromHashMap" name="GettingDataFromHashMap" time="8.574"/>
  <testcase classname="PracticeTest.GetDataFromHashMap" name="GettingDataFromHashMap" time="7.966"/>
</testsuite> <!-- PracticeTest.GetDataFromHashMap -->
