<?xml version="1.0" encoding="UTF-8"?>
<!-- Generated by org.testng.reporters.JUnitReportReporter -->
<testsuite hostname="MTBSE11APE-1164" failures="0" tests="3" name="AutomationLearning.SeleniumFramework.StandAloneEComPOM" time="45.785" errors="0" timestamp="2025-07-01T12:08:19 GMT-03:00" skipped="0">
  <testcase classname="AutomationLearning.SeleniumFramework.StandAloneEComPOM" name="OpenWebPage" time="16.830"/>
  <testcase classname="AutomationLearning.SeleniumFramework.StandAloneEComPOM" name="OpenWebPage" time="28.842"/>
  <testcase classname="AutomationLearning.SeleniumFramework.StandAloneEComPOM" name="CheckOrderHistoryTest" time="0.113"/>
</testsuite> <!-- AutomationLearning.SeleniumFramework.StandAloneEComPOM -->
